<?xml version="1.0" encoding="UTF-8"?>
<robot generator="Robot 7.1 (Python 3.12.6 on win32)" generated="2024-09-28T01:51:20.760316" rpa="false" schemaversion="5">
<suite id="s1" name="TC 001" source="D:\PycharmProjects\RobotAutomation\TestCases\TC_001.robot">
<test id="s1-t1" name="TC_001 Browser Start and Close" line="12">
<kw name="Open Browser" owner="SeleniumLibrary">
<msg time="2024-09-28T01:51:21.361397" level="INFO">Opening browser 'Chrome' to base url 'http://www.thetestingworld.com/testings'.</msg>
<arg>${URL}</arg>
<arg>${Browser}</arg>
<doc>Opens a new browser instance to the optional ``url``.</doc>
<status status="PASS" start="2024-09-28T01:51:21.361397" elapsed="4.676560"/>
</kw>
<kw name="Maximize Browser Window" owner="SeleniumLibrary">
<doc>Maximizes current browser window.</doc>
<status status="PASS" start="2024-09-28T01:51:26.037957" elapsed="0.038796"/>
</kw>
<kw name="Sleep" owner="BuiltIn">
<msg time="2024-09-28T01:51:31.079842" level="INFO">Slept 5 seconds.</msg>
<arg>5</arg>
<doc>Pauses the test executed for the given time.</doc>
<status status="PASS" start="2024-09-28T01:51:26.078970" elapsed="5.000872"/>
</kw>
<kw name="Input Text" owner="SeleniumLibrary">
<msg time="2024-09-28T01:51:31.079842" level="INFO">Typing text 'Test' into text field 'name:fld_username'.</msg>
<msg time="2024-09-28T01:51:31.087564" level="WARN">Keyword 'Capture Page Screenshot' could not be run on failure: Message: no such window: target window already closed
from unknown error: web view not found
  (Session info: chrome=129.0.6668.70)
Stacktrace:
	GetHandleVerifier [0x00007FF76AA5B125+29573]
	(No symbol) [0x00007FF76A9CFF50]
	(No symbol) [0x00007FF76A88B6EA]
	(No symbol) [0x00007FF76A85FCD5]
	(No symbol) [0x00007FF76A90EF67]
	(No symbol) [0x00007FF76A927FC1]
	(No symbol) [0x00007FF76A9070A3]
	(No symbol) [0x00007FF76A8D12DF]
	(No symbol) [0x00007FF76A8D2441]
	GetHandleVerifier [0x00007FF76AD8C76D+3377613]
	GetHandleVerifier [0x00007FF76ADD7B67+3685831]
	GetHandleVerifier [0x00007FF76ADCCF8B+3641835]
	GetHandleVerifier [0x00007FF76AB1B2A6+816390]
	(No symbol) [0x00007FF76A9DB25F]
	(No symbol) [0x00007FF76A9D7084]
	(No symbol) [0x00007FF76A9D7220]
	(No symbol) [0x00007FF76A9C607F]
	BaseThreadInitThunk [0x00007FFE2D3B257D+29]
	RtlUserThreadStart [0x00007FFE2E04AF08+40]
</msg>
<msg time="2024-09-28T01:51:31.088975" level="FAIL">NoSuchWindowException: Message: no such window: target window already closed
from unknown error: web view not found
  (Session info: chrome=129.0.6668.70)
Stacktrace:
	GetHandleVerifier [0x00007FF76AA5B125+29573]
	(No symbol) [0x00007FF76A9CFF50]
	(No symbol) [0x00007FF76A88B6EA]
	(No symbol) [0x00007FF76A85FCD5]
	(No symbol) [0x00007FF76A90EF67]
	(No symbol) [0x00007FF76A927FC1]
	(No symbol) [0x00007FF76A9070A3]
	(No symbol) [0x00007FF76A8D12DF]
	(No symbol) [0x00007FF76A8D2441]
	GetHandleVerifier [0x00007FF76AD8C76D+3377613]
	GetHandleVerifier [0x00007FF76ADD7B67+3685831]
	GetHandleVerifier [0x00007FF76ADCCF8B+3641835]
	GetHandleVerifier [0x00007FF76AB1B2A6+816390]
	(No symbol) [0x00007FF76A9DB25F]
	(No symbol) [0x00007FF76A9D7084]
	(No symbol) [0x00007FF76A9D7220]
	(No symbol) [0x00007FF76A9C607F]
	BaseThreadInitThunk [0x00007FFE2D3B257D+29]
	RtlUserThreadStart [0x00007FFE2E04AF08+40]
</msg>
<arg>name:fld_username</arg>
<arg>Test</arg>
<doc>Types the given ``text`` into the text field identified by ``locator``.</doc>
<status status="FAIL" start="2024-09-28T01:51:31.079842" elapsed="0.070924">NoSuchWindowException: Message: no such window: target window already closed
from unknown error: web view not found
  (Session info: chrome=129.0.6668.70)
Stacktrace:
	GetHandleVerifier [0x00007FF76AA5B125+29573]
	(No symbol) [0x00007FF76A9CFF50]
	(No symbol) [0x00007FF76A88B6EA]
	(No symbol) [0x00007FF76A85FCD5]
	(No symbol) [0x00007FF76A90EF67]
	(No symbol) [0x00007FF76A927FC1]
	(No symbol) [0x00007FF76A9070A3]
	(No symbol) [0x00007FF76A8D12DF]
	(No symbol) [0x00007FF76A8D2441]
	GetHandleVerifier [0x00007FF76AD8C76D+3377613]
	GetHandleVerifier [0x00007FF76ADD7B67+3685831]
	GetHandleVerifier [0x00007FF76ADCCF8B+3641835]
	GetHandleVerifier [0x00007FF76AB1B2A6+816390]
	(No symbol) [0x00007FF76A9DB25F]
	(No symbol) [0x00007FF76A9D7084]
	(No symbol) [0x00007FF76A9D7220]
	(No symbol) [0x00007FF76A9C607F]
	BaseThreadInitThunk [0x00007FFE2D3B257D+29]
	RtlUserThreadStart [0x00007FFE2E04AF08+40]
</status>
</kw>
<kw name="Input Text" owner="SeleniumLibrary">
<arg>name:fld_email</arg>
<arg>abc@gmail.com</arg>
<doc>Types the given ``text`` into the text field identified by ``locator``.</doc>
<status status="NOT RUN" start="2024-09-28T01:51:31.156739" elapsed="0.000000"/>
</kw>
<kw name="Input Text" owner="SeleniumLibrary">
<arg>name:fld_password</arg>
<arg>xyz123</arg>
<doc>Types the given ``text`` into the text field identified by ``locator``.</doc>
<status status="NOT RUN" start="2024-09-28T01:51:31.156739" elapsed="0.000000"/>
</kw>
<kw name="Input Text" owner="SeleniumLibrary">
<arg>name:fld_cpassword</arg>
<arg>xyz123</arg>
<doc>Types the given ``text`` into the text field identified by ``locator``.</doc>
<status status="NOT RUN" start="2024-09-28T01:51:31.156739" elapsed="0.000000"/>
</kw>
<kw name="Input Text" owner="SeleniumLibrary">
<arg>name:phone</arg>
<arg>1234567890</arg>
<doc>Types the given ``text`` into the text field identified by ``locator``.</doc>
<status status="NOT RUN" start="2024-09-28T01:51:31.158052" elapsed="0.000000"/>
</kw>
<kw name="Input Text" owner="SeleniumLibrary">
<arg>name:dob</arg>
<arg>09/12/2024</arg>
<doc>Types the given ``text`` into the text field identified by ``locator``.</doc>
<status status="NOT RUN" start="2024-09-28T01:51:31.158052" elapsed="0.000000"/>
</kw>
<kw name="Press Keys" owner="SeleniumLibrary">
<arg>name:dob</arg>
<arg>ENTER</arg>
<doc>Simulates the user pressing key(s) to an element or on the active browser.</doc>
<status status="NOT RUN" start="2024-09-28T01:51:31.158590" elapsed="0.000000"/>
</kw>
<kw name="Input Text" owner="SeleniumLibrary">
<arg>name:address</arg>
<arg>xyzaddress</arg>
<doc>Types the given ``text`` into the text field identified by ``locator``.</doc>
<status status="NOT RUN" start="2024-09-28T01:51:31.158590" elapsed="0.000000"/>
</kw>
<kw name="Select Radio Button" owner="SeleniumLibrary">
<arg>add_type</arg>
<arg>office</arg>
<doc>Sets the radio button group ``group_name`` to ``value``.</doc>
<status status="NOT RUN" start="2024-09-28T01:51:31.158590" elapsed="0.000000"/>
</kw>
<kw name="Scroll Element Into View" owner="SeleniumLibrary">
<arg>name:terms</arg>
<doc>Scrolls the element identified by ``locator`` into view.</doc>
<status status="NOT RUN" start="2024-09-28T01:51:31.158590" elapsed="0.000000"/>
</kw>
<kw name="Input Text" owner="SeleniumLibrary">
<arg>name:zip</arg>
<arg>123456</arg>
<doc>Types the given ``text`` into the text field identified by ``locator``.</doc>
<status status="NOT RUN" start="2024-09-28T01:51:31.158590" elapsed="0.000000"/>
</kw>
<kw name="Select From List By Index" owner="SeleniumLibrary">
<arg>name:sex</arg>
<arg>2</arg>
<doc>Selects options from selection list ``locator`` by ``indexes``.</doc>
<status status="NOT RUN" start="2024-09-28T01:51:31.158590" elapsed="0.000000"/>
</kw>
<kw name="Sleep" owner="BuiltIn">
<arg>2</arg>
<doc>Pauses the test executed for the given time.</doc>
<status status="NOT RUN" start="2024-09-28T01:51:31.158590" elapsed="0.000000"/>
</kw>
<kw name="Select From List By Index" owner="SeleniumLibrary">
<arg>name:country</arg>
<arg>101</arg>
<doc>Selects options from selection list ``locator`` by ``indexes``.</doc>
<status status="NOT RUN" start="2024-09-28T01:51:31.158590" elapsed="0.000000"/>
</kw>
<kw name="Sleep" owner="BuiltIn">
<arg>5</arg>
<doc>Pauses the test executed for the given time.</doc>
<status status="NOT RUN" start="2024-09-28T01:51:31.158590" elapsed="0.000000"/>
</kw>
<kw name="Select From List By Index" owner="SeleniumLibrary">
<arg>name:state</arg>
<arg>35</arg>
<doc>Selects options from selection list ``locator`` by ``indexes``.</doc>
<status status="NOT RUN" start="2024-09-28T01:51:31.158590" elapsed="0.000000"/>
</kw>
<kw name="Sleep" owner="BuiltIn">
<arg>5</arg>
<doc>Pauses the test executed for the given time.</doc>
<status status="NOT RUN" start="2024-09-28T01:51:31.158590" elapsed="0.000000"/>
</kw>
<kw name="Select From List By Index" owner="SeleniumLibrary">
<arg>name:city</arg>
<arg>1</arg>
<doc>Selects options from selection list ``locator`` by ``indexes``.</doc>
<status status="NOT RUN" start="2024-09-28T01:51:31.158590" elapsed="0.000000"/>
</kw>
<kw name="Sleep" owner="BuiltIn">
<arg>5</arg>
<doc>Pauses the test executed for the given time.</doc>
<status status="NOT RUN" start="2024-09-28T01:51:31.158590" elapsed="0.000000"/>
</kw>
<kw name="Select Checkbox" owner="SeleniumLibrary">
<arg>name:terms</arg>
<doc>Selects the checkbox identified by ``locator``.</doc>
<status status="NOT RUN" start="2024-09-28T01:51:31.158590" elapsed="0.000000"/>
</kw>
<kw name="Sleep" owner="BuiltIn">
<arg>3</arg>
<doc>Pauses the test executed for the given time.</doc>
<status status="NOT RUN" start="2024-09-28T01:51:31.158590" elapsed="0.000000"/>
</kw>
<kw name="Click Button" owner="SeleniumLibrary">
<arg>xpath://input[@type = 'submit']</arg>
<doc>Clicks the button identified by ``locator``.</doc>
<status status="NOT RUN" start="2024-09-28T01:51:31.158590" elapsed="0.000000"/>
</kw>
<kw name="Sleep" owner="BuiltIn">
<arg>5</arg>
<doc>Pauses the test executed for the given time.</doc>
<status status="NOT RUN" start="2024-09-28T01:51:31.158590" elapsed="0.000000"/>
</kw>
<kw name="Close Browser" owner="SeleniumLibrary">
<doc>Closes the current browser.</doc>
<status status="NOT RUN" start="2024-09-28T01:51:31.158590" elapsed="0.000000"/>
</kw>
<status status="FAIL" start="2024-09-28T01:51:21.358884" elapsed="9.804794">NoSuchWindowException: Message: no such window: target window already closed
from unknown error: web view not found
  (Session info: chrome=129.0.6668.70)
Stacktrace:
	GetHandleVerifier [0x00007FF76AA5B125+29573]
	(No symbol) [0x00007FF76A9CFF50]
	(No symbol) [0x00007FF76A88B6EA]
	(No symbol) [0x00007FF76A85FCD5]
	(No symbol) [0x00007FF76A90EF67]
	(No symbol) [0x00007FF76A927FC1]
	(No symbol) [0x00007FF76A9070A3]
	(No symbol) [0x00007FF76A8D12DF]
	(No symbol) [0x00007FF76A8D2441]
	GetHandleVerifier [0x00007FF76AD8C76D+3377613]
	GetHandleVerifier [0x00007FF76ADD7B67+3685831]
	GetHandleVerifier [0x00007FF76ADCCF8B+3641835]
	GetHandleVerifier [0x00007FF76AB1B2A6+816390]
	(No symbol) [0x00007FF76A9DB25F]
	(No symbol) [0x00007FF76A9D7084]
	(No symbol) [0x00007FF76A9D7220]
	(No symbol) [0x00007FF76A9C607F]
	BaseThreadInitThunk [0x00007FFE2D3B257D+29]
	RtlUserThreadStart [0x00007FFE2E04AF08+40]
</status>
</test>
<status status="FAIL" start="2024-09-28T01:51:20.795969" elapsed="10.369544"/>
</suite>
<statistics>
<total>
<stat pass="0" fail="1" skip="0">All Tests</stat>
</total>
<tag>
</tag>
<suite>
<stat pass="0" fail="1" skip="0" id="s1" name="TC 001">TC 001</stat>
</suite>
</statistics>
<errors>
<msg time="2024-09-28T01:51:31.087564" level="WARN">Keyword 'Capture Page Screenshot' could not be run on failure: Message: no such window: target window already closed
from unknown error: web view not found
  (Session info: chrome=129.0.6668.70)
Stacktrace:
	GetHandleVerifier [0x00007FF76AA5B125+29573]
	(No symbol) [0x00007FF76A9CFF50]
	(No symbol) [0x00007FF76A88B6EA]
	(No symbol) [0x00007FF76A85FCD5]
	(No symbol) [0x00007FF76A90EF67]
	(No symbol) [0x00007FF76A927FC1]
	(No symbol) [0x00007FF76A9070A3]
	(No symbol) [0x00007FF76A8D12DF]
	(No symbol) [0x00007FF76A8D2441]
	GetHandleVerifier [0x00007FF76AD8C76D+3377613]
	GetHandleVerifier [0x00007FF76ADD7B67+3685831]
	GetHandleVerifier [0x00007FF76ADCCF8B+3641835]
	GetHandleVerifier [0x00007FF76AB1B2A6+816390]
	(No symbol) [0x00007FF76A9DB25F]
	(No symbol) [0x00007FF76A9D7084]
	(No symbol) [0x00007FF76A9D7220]
	(No symbol) [0x00007FF76A9C607F]
	BaseThreadInitThunk [0x00007FFE2D3B257D+29]
	RtlUserThreadStart [0x00007FFE2E04AF08+40]
</msg>
</errors>
</robot>
